[debug] [2018-02-28T22:26:56.133Z] ----------------------------------------------------------------------
[debug] [2018-02-28T22:26:56.134Z] Command:       C:\Program Files\nodejs\node.exe C:\Users\Drew McDonald\AppData\Roaming\npm\node_modules\firebase-tools\bin\firebase deploy
[debug] [2018-02-28T22:26:56.135Z] CLI Version:   3.16.0
[debug] [2018-02-28T22:26:56.135Z] Platform:      win32
[debug] [2018-02-28T22:26:56.135Z] Node Version:  v8.9.4
[debug] [2018-02-28T22:26:56.135Z] Time:          Wed Feb 28 2018 16:26:56 GMT-0600 (Central Standard Time)
[debug] [2018-02-28T22:26:56.135Z] ----------------------------------------------------------------------
[debug] 
[debug] [2018-02-28T22:26:56.144Z] > command requires scopes: ["email","openid","https://www.googleapis.com/auth/cloudplatformprojects.readonly","https://www.googleapis.com/auth/firebase","https://www.googleapis.com/auth/cloud-platform"]
[debug] [2018-02-28T22:26:56.144Z] > authorizing via signed-in user
[debug] [2018-02-28T22:26:56.145Z] >>> HTTP REQUEST GET https://admin.firebase.com/v1/projects/col-mobile  
  
 Wed Feb 28 2018 16:26:56 GMT-0600 (Central Standard Time)
[debug] [2018-02-28T22:26:56.616Z] <<< HTTP RESPONSE 200
[debug] [2018-02-28T22:26:56.618Z] >>> HTTP REQUEST GET https://admin.firebase.com/v1/database/col-mobile/tokens  
  
 Wed Feb 28 2018 16:26:56 GMT-0600 (Central Standard Time)
[debug] [2018-02-28T22:26:56.952Z] <<< HTTP RESPONSE 200
[info] 
[info] === Deploying to 'col-mobile'...
[info] 
[info] i  deploying functions
[debug] [2018-02-28T22:26:57.416Z] > [functions] package.json contents: {
  "name": "functions",
  "description": "Cloud Functions for Firebase",
  "scripts": {
    "serve": "firebase serve --only functions",
    "shell": "firebase experimental:functions:shell",
    "start": "npm run shell",
    "deploy": "firebase deploy --only functions",
    "logs": "firebase functions:log"
  },
  "dependencies": {
    "firebase-admin": "^5.5.1",
    "firebase-functions": "^0.7.3"
  },
  "private": true
}
[info] i  functions: ensuring necessary APIs are enabled...
[debug] [2018-02-28T22:26:57.418Z] >>> HTTP REQUEST GET https://servicemanagement.googleapis.com/v1/services/cloudfunctions.googleapis.com/projectSettings/col-mobile?view=CONSUMER_VIEW  
  
 Wed Feb 28 2018 16:26:57 GMT-0600 (Central Standard Time)
[debug] [2018-02-28T22:26:57.418Z] >>> HTTP REQUEST GET https://servicemanagement.googleapis.com/v1/services/runtimeconfig.googleapis.com/projectSettings/col-mobile?view=CONSUMER_VIEW  
  
 Wed Feb 28 2018 16:26:57 GMT-0600 (Central Standard Time)
[debug] [2018-02-28T22:26:58.406Z] <<< HTTP RESPONSE 200
[debug] [2018-02-28T22:26:58.486Z] <<< HTTP RESPONSE 200
[info] +  functions: all necessary APIs are enabled
[debug] [2018-02-28T22:26:58.487Z] >>> HTTP REQUEST GET https://appengine.googleapis.com/v1/apps/col-mobile  
  
 Wed Feb 28 2018 16:26:58 GMT-0600 (Central Standard Time)
[debug] [2018-02-28T22:26:58.487Z] >>> HTTP REQUEST GET https://apikeys.googleapis.com/v1/projects/col-mobile/apiKeys  
  
 Wed Feb 28 2018 16:26:58 GMT-0600 (Central Standard Time)
[debug] [2018-02-28T22:26:58.725Z] <<< HTTP RESPONSE 200
[debug] [2018-02-28T22:26:58.922Z] <<< HTTP RESPONSE 200
